#
# A fatal error has been detected by the Java Runtime Environment:
#
#  EXCEPTION_ACCESS_VIOLATION (0xc0000005) at pc=0x00007ffa283d1d16, pid=3212, tid=3048
#
# JRE version: Java(TM) SE Runtime Environment (11.0.1+13) (build 11.0.1+13-LTS)
# Java VM: Java HotSpot(TM) 64-Bit Server VM (11.0.1+13-LTS, mixed mode, tiered, compressed oops, g1 gc, windows-amd64)
# Problematic frame:
# V  [jvm.dll+0x1a1d16]
#
# No core dump will be written. Minidumps are not enabled by default on client versions of Windows
#
# If you would like to submit a bug report, please visit:
#   http://bugreport.java.com/bugreport/crash.jsp
#

---------------  S U M M A R Y ------------

Command Line: -XX:TieredStopAtLevel=1 -Xverify:none -Dspring.output.ansi.enabled=always -Dcom.sun.management.jmxremote -Dspring.jmx.enabled=true -Dspring.liveBeansView.mbeanDomain -Dspring.application.admin.enabled=true -javaagent:C:\Program Files\JetBrains\IntelliJ IDEA 2020.1.4\lib\idea_rt.jar=57161:C:\Program Files\JetBrains\IntelliJ IDEA 2020.1.4\bin -Dfile.encoding=UTF-8 computech.Application

Host: Intel(R) Core(TM) i7-4710HQ CPU @ 2.50GHz, 8 cores, 7G,  Windows 10 , 64 bit Build 19041 (10.0.19041.546)
Time: Mon Dec 14 10:03:02 2020 W. Europe Standard Time elapsed time: 1315 seconds (0d 0h 21m 55s)

---------------  T H R E A D  ---------------

Current thread (0x00000178e23f6800):  GCTaskThread "GC Thread#5" [stack: 0x0000003534700000,0x0000003534800000] [id=3048]

Stack: [0x0000003534700000,0x0000003534800000],  sp=0x00000035347ff0e8,  free space=1020k
Native frames: (J=compiled Java code, j=interpreted, Vv=VM code, C=native code)
V  [jvm.dll+0x1a1d16]


siginfo: EXCEPTION_ACCESS_VIOLATION (0xc0000005), reading address 0x0000000752d5bd80


Register to memory mapping:

RIP=0x00007ffa283d1d16 jvm.dll
RAX=0x0000000000000001 is an unknown value
RBX=0x000000008407fc0c is pointing into object: 0x000000008407fbf8
com.fasterxml.jackson.databind.type.TypeBindings$AsKey 
{0x000000008407fbf8} - klass: 'com/fasterxml/jackson/databind/type/TypeBindings$AsKey'
RCX=
[error occurred during error reporting (printing register info), id 0xc0000005, EXCEPTION_ACCESS_VIOLATION (0xc0000005) at pc=0x00007ffa283d1d16]

Registers:
RAX=0x0000000000000001, RBX=0x000000008407fc0c, RCX=0x0000000084f29338, RDX=0x0000000084f29338
RSP=0x00000035347ff0e8, RBP=0x00000178e149a680, RSI=0x00000178e149a680, RDI=0x0000000000000001
R8 =0x0000000084f29338, R9 =0x0000000752d5bd78, R10=0x0000000100928238, R11=0x0000000000000001
R12=0x0000000000000000, R13=0x00000035347ff3a8, R14=0x0000000084f29338, R15=0x0000000000000011
RIP=0x00007ffa283d1d16, EFLAGS=0x0000000000010206

Top of Stack: (sp=0x00000035347ff0e8)
0x00000035347ff0e8:   00007ffa2854870e 000000008407fbf8
0x00000035347ff0f8:   0000000084f29320 0000000000000002
0x00000035347ff108:   0000000000000001 0000017800000100
0x00000035347ff118:   00007ffa28596150 000000058407b888
0x00000035347ff128:   00007ffa28520da8 00000178e149a680
0x00000035347ff138:   0000000000000040 00000178bf6b5648
0x00000035347ff148:   00000035347ff3a8 0000000000000000
0x00000035347ff158:   00000178bf6b5640 0000000000000100
0x00000035347ff168:   00007ffa2854649d 00000178e149a680
0x00000035347ff178:   00000178bf6b5648 0000007c85157811
0x00000035347ff188:   000000008407fc0c 000000008407fc0d
0x00000035347ff198:   00007ffa2886612f 00000035347ff240
0x00000035347ff1a8:   0000000000000000 0000000083671200
0x00000035347ff1b8:   0000000000000040 0000000000000100
0x00000035347ff1c8:   000000000000001a 00000035347ff380
0x00000035347ff1d8:   0000000000000005 00000035347ff380 

Instructions: (pc=0x00007ffa283d1d16)
0x00007ffa283d1cf6:   cc cc cc cc cc cc cc cc cc cc 48 8b 49 38 48 8b
0x00007ffa283d1d06:   01 48 ff 60 28 cc cc cc cc cc 4c 8b ca 48 8b d1
0x00007ffa283d1d16:   45 8b 41 08 45 85 c0 7e 0e 41 f6 c0 01 75 56 41
0x00007ffa283d1d26:   c1 f8 03 41 8b c0 c3 79 4c 80 3d 2b d3 8c 00 00 



---------------  P R O C E S S  ---------------

Threads class SMR info:
_java_thread_list=0x00000178e49fe890, length=31, elements={
0x00000178e026a000, 0x00000178e0273000, 0x00000178e0285800, 0x00000178e0286800,
0x00000178e0be2800, 0x00000178e0be8800, 0x00000178e0d0d000, 0x00000178e0f8e800,
0x00000178e1262000, 0x00000178e14b7000, 0x00000178e15b2800, 0x00000178e222f800,
0x00000178e40e0000, 0x00000178e30c4800, 0x00000178e2f30000, 0x00000178e2f31800,
0x00000178e6d32800, 0x00000178e6d34000, 0x00000178e6d34800, 0x00000178e6d30000,
0x00000178e6d35800, 0x00000178e6d36800, 0x00000178e6d30800, 0x00000178e6d37000,
0x00000178e6d33000, 0x00000178e6d31800, 0x00000178e6d3a800, 0x00000178e6d3b800,
0x00000178e6d3c000, 0x00000178e6d3d000, 0x00000178e6d39800
}

Java Threads: ( => current thread )
  0x00000178e026a000 JavaThread "Reference Handler" daemon [_thread_blocked, id=19020, stack(0x0000003533000000,0x0000003533100000)]
  0x00000178e0273000 JavaThread "Finalizer" daemon [_thread_blocked, id=20504, stack(0x0000003533100000,0x0000003533200000)]
  0x00000178e0285800 JavaThread "Signal Dispatcher" daemon [_thread_blocked, id=15212, stack(0x0000003533200000,0x0000003533300000)]
  0x00000178e0286800 JavaThread "Attach Listener" daemon [_thread_blocked, id=19624, stack(0x0000003533300000,0x0000003533400000)]
  0x00000178e0be2800 JavaThread "C1 CompilerThread0" daemon [_thread_blocked, id=18332, stack(0x0000003533400000,0x0000003533500000)]
  0x00000178e0be8800 JavaThread "Sweeper thread" daemon [_thread_blocked, id=17460, stack(0x0000003533500000,0x0000003533600000)]
  0x00000178e0d0d000 JavaThread "Common-Cleaner" daemon [_thread_blocked, id=1312, stack(0x0000003533600000,0x0000003533700000)]
  0x00000178e0f8e800 JavaThread "Monitor Ctrl-Break" daemon [_thread_in_native, id=17880, stack(0x0000003533700000,0x0000003533800000)]
  0x00000178e1262000 JavaThread "Service Thread" daemon [_thread_blocked, id=10488, stack(0x0000003533800000,0x0000003533900000)]
  0x00000178e14b7000 JavaThread "RMI TCP Accept-0" daemon [_thread_in_native, id=14616, stack(0x0000003533b00000,0x0000003533c00000)]
  0x00000178e15b2800 JavaThread "RMI Scheduler(0)" daemon [_thread_blocked, id=13332, stack(0x0000003533e00000,0x0000003533f00000)]
  0x00000178e222f800 JavaThread "HikariPool-1 housekeeper" daemon [_thread_blocked, id=15176, stack(0x0000003534800000,0x0000003534900000)]
  0x00000178e40e0000 JavaThread "Catalina-utility-1" [_thread_blocked, id=17004, stack(0x0000003534d00000,0x0000003534e00000)]
  0x00000178e30c4800 JavaThread "Catalina-utility-2" [_thread_blocked, id=17692, stack(0x0000003534e00000,0x0000003534f00000)]
  0x00000178e2f30000 JavaThread "container-0" [_thread_blocked, id=884, stack(0x0000003534f00000,0x0000003535000000)]
  0x00000178e2f31800 JavaThread "Live Reload Server" daemon [_thread_in_native, id=6912, stack(0x0000003535300000,0x0000003535400000)]
  0x00000178e6d32800 JavaThread "File Watcher" daemon [_thread_blocked, id=20856, stack(0x0000003535200000,0x0000003535300000)]
  0x00000178e6d34000 JavaThread "http-nio-8080-BlockPoller" daemon [_thread_in_native, id=19612, stack(0x0000003535400000,0x0000003535500000)]
  0x00000178e6d34800 JavaThread "http-nio-8080-exec-1" daemon [_thread_blocked, id=9300, stack(0x0000003535500000,0x0000003535600000)]
  0x00000178e6d30000 JavaThread "http-nio-8080-exec-2" daemon [_thread_blocked, id=19100, stack(0x0000003535600000,0x0000003535700000)]
  0x00000178e6d35800 JavaThread "http-nio-8080-exec-3" daemon [_thread_blocked, id=6212, stack(0x0000003535700000,0x0000003535800000)]
  0x00000178e6d36800 JavaThread "http-nio-8080-exec-4" daemon [_thread_blocked, id=19720, stack(0x0000003535800000,0x0000003535900000)]
  0x00000178e6d30800 JavaThread "http-nio-8080-exec-5" daemon [_thread_blocked, id=19264, stack(0x0000003535900000,0x0000003535a00000)]
  0x00000178e6d37000 JavaThread "http-nio-8080-exec-6" daemon [_thread_blocked, id=11104, stack(0x0000003535a00000,0x0000003535b00000)]
  0x00000178e6d33000 JavaThread "http-nio-8080-exec-7" daemon [_thread_blocked, id=19588, stack(0x0000003535b00000,0x0000003535c00000)]
  0x00000178e6d31800 JavaThread "http-nio-8080-exec-8" daemon [_thread_blocked, id=20660, stack(0x0000003535c00000,0x0000003535d00000)]
  0x00000178e6d3a800 JavaThread "http-nio-8080-exec-9" daemon [_thread_blocked, id=6548, stack(0x0000003535d00000,0x0000003535e00000)]
  0x00000178e6d3b800 JavaThread "http-nio-8080-exec-10" daemon [_thread_blocked, id=2808, stack(0x0000003535e00000,0x0000003535f00000)]
  0x00000178e6d3c000 JavaThread "http-nio-8080-ClientPoller" daemon [_thread_in_native, id=3248, stack(0x0000003535f00000,0x0000003536000000)]
  0x00000178e6d3d000 JavaThread "http-nio-8080-Acceptor" daemon [_thread_in_native, id=18336, stack(0x0000003536000000,0x0000003536100000)]
  0x00000178e6d39800 JavaThread "DestroyJavaVM" [_thread_blocked, id=16480, stack(0x0000003532900000,0x0000003532a00000)]

Other Threads:
  0x00000178e0248800 VMThread "VM Thread" [stack: 0x0000003532f00000,0x0000003533000000] [id=18048]
  0x00000178e14bc800 WatcherThread [stack: 0x0000003533c00000,0x0000003533d00000] [id=8536]
  0x00000178bf6b4000 GCTaskThread "GC Thread#0" [stack: 0x0000003532a00000,0x0000003532b00000] [id=17932]
  0x00000178e1789000 GCTaskThread "GC Thread#1" [stack: 0x0000003534000000,0x0000003534100000] [id=6292]
  0x00000178e178a000 GCTaskThread "GC Thread#2" [stack: 0x0000003534100000,0x0000003534200000] [id=11848]
  0x00000178e23f1800 GCTaskThread "GC Thread#3" [stack: 0x0000003534500000,0x0000003534600000] [id=5520]
  0x00000178e23f6000 GCTaskThread "GC Thread#4" [stack: 0x0000003534600000,0x0000003534700000] [id=2396]
=>0x00000178e23f6800 GCTaskThread "GC Thread#5" [stack: 0x0000003534700000,0x0000003534800000] [id=3048]
  0x00000178e2600800 GCTaskThread "GC Thread#6" [stack: 0x0000003534900000,0x0000003534a00000] [id=11052]
  0x00000178e25b6800 GCTaskThread "GC Thread#7" [stack: 0x0000003534a00000,0x0000003534b00000] [id=17720]
  0x00000178bf6e6000 ConcurrentGCThread "G1 Main Marker" [stack: 0x0000003532b00000,0x0000003532c00000] [id=6872]
  0x00000178bf6e7000 ConcurrentGCThread "G1 Conc#0" [stack: 0x0000003532c00000,0x0000003532d00000] [id=19052]
  0x00000178e2614000 ConcurrentGCThread "G1 Conc#1" [stack: 0x0000003534b00000,0x0000003534c00000] [id=15816]
  0x00000178e00aa800 ConcurrentGCThread "G1 Refine#0" [stack: 0x0000003532d00000,0x0000003532e00000] [id=5320]
  0x00000178e0f85000 ConcurrentGCThread "G1 Refine#1" [stack: 0x0000003534200000,0x0000003534300000] [id=9632]
  0x00000178bf76e800 ConcurrentGCThread "G1 Young RemSet Sampling" [stack: 0x0000003532e00000,0x0000003532f00000] [id=20224]

Threads with active compile tasks:

VM state:at safepoint (normal execution)

VM Mutex/Monitor currently owned by a thread:  ([mutex/lock_event])
[0x00000178bf69c1a0] Threads_lock - owner thread: 0x00000178e0248800
[0x00000178bf69c740] Heap_lock - owner thread: 0x00000178e6d32800

Heap address: 0x0000000081c00000, size: 2020 MB, Compressed Oops mode: 32-bit
Narrow klass base: 0x0000000000000000, Narrow klass shift: 3
Compressed class space size: 1073741824 Address: 0x0000000100000000

Heap:
 garbage-first heap   total 131072K, used 106483K [0x0000000081c00000, 0x0000000100000000)
  region size 1024K, 67 young (68608K), 4 survivors (4096K)
 Metaspace       used 76254K, capacity 78694K, committed 78980K, reserved 1118208K
  class space    used 10200K, capacity 11149K, committed 11244K, reserved 1048576K
Heap Regions: E=young(eden), S=young(survivor), O=old, HS=humongous(starts), HC=humongous(continues), CS=collection set, F=free, A=archive, TAMS=top-at-mark-start (previous, next)
|   0|0x0000000081c00000, 0x0000000081d00000, 0x0000000081d00000|100%|HS|  |TAMS 0x0000000081d00000, 0x0000000081c00000| Complete 
|   1|0x0000000081d00000, 0x0000000081e00000, 0x0000000081e00000|100%| O|  |TAMS 0x0000000081e00000, 0x0000000081d00000| Untracked 
|   2|0x0000000081e00000, 0x0000000081f00000, 0x0000000081f00000|100%| O|  |TAMS 0x0000000081f00000, 0x0000000081e00000| Untracked 
|   3|0x0000000081f00000, 0x0000000082000000, 0x0000000082000000|100%| O|  |TAMS 0x0000000082000000, 0x0000000081f00000| Untracked 
|   4|0x0000000082000000, 0x0000000082100000, 0x0000000082100000|100%| O|  |TAMS 0x0000000082100000, 0x0000000082000000| Untracked 
|   5|0x0000000082100000, 0x0000000082200000, 0x0000000082200000|100%| O|  |TAMS 0x0000000082200000, 0x0000000082100000| Untracked 
|   6|0x0000000082200000, 0x0000000082300000, 0x0000000082300000|100%| O|  |TAMS 0x0000000082300000, 0x0000000082200000| Untracked 
|   7|0x0000000082300000, 0x0000000082400000, 0x0000000082400000|100%| O|  |TAMS 0x0000000082400000, 0x0000000082300000| Untracked 
|   8|0x0000000082400000, 0x0000000082500000, 0x0000000082500000|100%| O|  |TAMS 0x0000000082500000, 0x0000000082400000| Untracked 
|   9|0x0000000082500000, 0x0000000082600000, 0x0000000082600000|100%| O|  |TAMS 0x0000000082600000, 0x0000000082500000| Untracked 
|  10|0x0000000082600000, 0x0000000082700000, 0x0000000082700000|100%| O|  |TAMS 0x0000000082700000, 0x0000000082600000| Untracked 
|  11|0x0000000082700000, 0x0000000082800000, 0x0000000082800000|100%| O|  |TAMS 0x0000000082800000, 0x0000000082700000| Untracked 
|  12|0x0000000082800000, 0x0000000082900000, 0x0000000082900000|100%| O|  |TAMS 0x0000000082900000, 0x0000000082800000| Untracked 
|  13|0x0000000082900000, 0x0000000082a00000, 0x0000000082a00000|100%| O|  |TAMS 0x0000000082a00000, 0x0000000082900000| Untracked 
|  14|0x0000000082a00000, 0x0000000082b00000, 0x0000000082b00000|100%| O|  |TAMS 0x0000000082b00000, 0x0000000082a00000| Untracked 
|  15|0x0000000082b00000, 0x0000000082c00000, 0x0000000082c00000|100%| O|  |TAMS 0x0000000082c00000, 0x0000000082b00000| Untracked 
|  16|0x0000000082c00000, 0x0000000082d00000, 0x0000000082d00000|100%| O|  |TAMS 0x0000000082d00000, 0x0000000082c00000| Untracked 
|  17|0x0000000082d00000, 0x0000000082e00000, 0x0000000082e00000|100%| O|  |TAMS 0x0000000082e00000, 0x0000000082d00000| Untracked 
|  18|0x0000000082e00000, 0x0000000082f00000, 0x0000000082f00000|100%| O|  |TAMS 0x0000000082f00000, 0x0000000082e00000| Untracked 
|  19|0x0000000082f00000, 0x0000000083000000, 0x0000000083000000|100%| O|  |TAMS 0x0000000083000000, 0x0000000082f00000| Untracked 
|  20|0x0000000083000000, 0x0000000083100000, 0x0000000083100000|100%| O|  |TAMS 0x0000000083100000, 0x0000000083000000| Untracked 
|  21|0x0000000083100000, 0x0000000083200000, 0x0000000083200000|100%| O|  |TAMS 0x0000000083200000, 0x0000000083100000| Untracked 
|  22|0x0000000083200000, 0x0000000083300000, 0x0000000083300000|100%| O|  |TAMS 0x0000000083300000, 0x0000000083200000| Untracked 
|  23|0x0000000083300000, 0x0000000083400000, 0x0000000083400000|100%| O|  |TAMS 0x00000000833e5e00, 0x0000000083300000| Untracked 
|  24|0x0000000083400000, 0x0000000083500000, 0x0000000083500000|100%| O|  |TAMS 0x0000000083400000, 0x0000000083400000| Untracked 
|  25|0x0000000083500000, 0x0000000083600000, 0x0000000083600000|100%| O|  |TAMS 0x0000000083500000, 0x0000000083500000| Untracked 
|  26|0x0000000083600000, 0x0000000083700000, 0x0000000083700000|100%| O|  |TAMS 0x0000000083600000, 0x0000000083600000| Untracked 
|  27|0x0000000083700000, 0x0000000083800000, 0x0000000083800000|100%| O|  |TAMS 0x0000000083700000, 0x0000000083700000| Untracked 
|  28|0x0000000083800000, 0x0000000083900000, 0x0000000083900000|100%| O|  |TAMS 0x0000000083800000, 0x0000000083800000| Untracked 
|  29|0x0000000083900000, 0x0000000083a00000, 0x0000000083a00000|100%| O|  |TAMS 0x0000000083900000, 0x0000000083900000| Untracked 
|  30|0x0000000083a00000, 0x0000000083b00000, 0x0000000083b00000|100%| O|  |TAMS 0x0000000083a00000, 0x0000000083a00000| Untracked 
|  31|0x0000000083b00000, 0x0000000083c00000, 0x0000000083c00000|100%| O|  |TAMS 0x0000000083b00000, 0x0000000083b00000| Untracked 
|  32|0x0000000083c00000, 0x0000000083d00000, 0x0000000083d00000|100%| O|  |TAMS 0x0000000083c00000, 0x0000000083c00000| Untracked 
|  33|0x0000000083d00000, 0x0000000083e00000, 0x0000000083e00000|100%| O|  |TAMS 0x0000000083d00000, 0x0000000083d00000| Untracked 
|  34|0x0000000083e00000, 0x0000000083f00000, 0x0000000083f00000|100%| O|  |TAMS 0x0000000083e00000, 0x0000000083e00000| Untracked 
|  35|0x0000000083f00000, 0x0000000084000000, 0x0000000084000000|100%| O|  |TAMS 0x0000000083f00000, 0x0000000083f00000| Untracked 
|  36|0x0000000084000000, 0x0000000084100000, 0x0000000084100000|100%| O|  |TAMS 0x0000000084000000, 0x0000000084000000| Untracked 
|  37|0x0000000084100000, 0x0000000084200000, 0x0000000084200000|100%| O|  |TAMS 0x0000000084100000, 0x0000000084100000| Untracked 
|  38|0x0000000084200000, 0x000000008421d660, 0x0000000084300000| 11%| O|  |TAMS 0x0000000084200000, 0x0000000084200000| Untracked 
|  39|0x0000000084300000, 0x0000000084300000, 0x0000000084400000|  0%| F|  |TAMS 0x0000000084300000, 0x0000000084300000| Untracked 
|  40|0x0000000084400000, 0x0000000084400000, 0x0000000084500000|  0%| F|  |TAMS 0x0000000084400000, 0x0000000084400000| Untracked 
|  41|0x0000000084500000, 0x0000000084500000, 0x0000000084600000|  0%| F|  |TAMS 0x0000000084500000, 0x0000000084500000| Untracked 
|  42|0x0000000084600000, 0x0000000084600000, 0x0000000084700000|  0%| F|  |TAMS 0x0000000084600000, 0x0000000084600000| Untracked 
|  43|0x0000000084700000, 0x0000000084700000, 0x0000000084800000|  0%| F|  |TAMS 0x0000000084700000, 0x0000000084700000| Untracked 
|  44|0x0000000084800000, 0x0000000084800000, 0x0000000084900000|  0%| F|  |TAMS 0x0000000084800000, 0x0000000084800000| Untracked 
|  45|0x0000000084900000, 0x0000000084900000, 0x0000000084a00000|  0%| F|  |TAMS 0x0000000084900000, 0x0000000084900000| Untracked 
|  46|0x0000000084a00000, 0x0000000084a00000, 0x0000000084b00000|  0%| F|  |TAMS 0x0000000084a00000, 0x0000000084a00000| Untracked 
|  47|0x0000000084b00000, 0x0000000084b00000, 0x0000000084c00000|  0%| F|  |TAMS 0x0000000084b00000, 0x0000000084b00000| Untracked 
|  48|0x0000000084c00000, 0x0000000084c00000, 0x0000000084d00000|  0%| F|  |TAMS 0x0000000084c00000, 0x0000000084c00000| Untracked 
|  49|0x0000000084d00000, 0x0000000084d00000, 0x0000000084e00000|  0%| F|  |TAMS 0x0000000084d00000, 0x0000000084d00000| Untracked 
|  50|0x0000000084e00000, 0x0000000084e00000, 0x0000000084f00000|  0%| F|  |TAMS 0x0000000084e00000, 0x0000000084e00000| Untracked 
|  51|0x0000000084f00000, 0x0000000084fc8940, 0x0000000085000000| 78%| E|CS|TAMS 0x0000000084f00000, 0x0000000084f00000| Complete 
|  52|0x0000000085000000, 0x0000000085100000, 0x0000000085100000|100%| E|CS|TAMS 0x0000000085000000, 0x0000000085000000| Complete 
|  53|0x0000000085100000, 0x0000000085100000, 0x0000000085200000|  0%| F|  |TAMS 0x0000000085100000, 0x0000000085100000| Untracked 
|  54|0x0000000085200000, 0x0000000085200000, 0x0000000085300000|  0%| F|  |TAMS 0x0000000085200000, 0x0000000085200000| Untracked 
|  55|0x0000000085300000, 0x0000000085300000, 0x0000000085400000|  0%| F|  |TAMS 0x0000000085300000, 0x0000000085300000| Untracked 
|  56|0x0000000085400000, 0x0000000085400000, 0x0000000085500000|  0%| F|  |TAMS 0x0000000085400000, 0x0000000085400000| Untracked 
|  57|0x0000000085500000, 0x0000000085521490, 0x0000000085600000| 13%| S|  |TAMS 0x0000000085500000, 0x0000000085500000| Complete 
|  58|0x0000000085600000, 0x0000000085700000, 0x0000000085700000|100%| S|  |TAMS 0x0000000085600000, 0x0000000085600000| Complete 
|  59|0x0000000085700000, 0x0000000085800000, 0x0000000085800000|100%| E|CS|TAMS 0x0000000085700000, 0x0000000085700000| Complete 
|  60|0x0000000085800000, 0x0000000085900000, 0x0000000085900000|100%| E|CS|TAMS 0x0000000085800000, 0x0000000085800000| Complete 
|  61|0x0000000085900000, 0x0000000085a00000, 0x0000000085a00000|100%| E|CS|TAMS 0x0000000085900000, 0x0000000085900000| Complete 
|  62|0x0000000085a00000, 0x0000000085b00000, 0x0000000085b00000|100%| E|CS|TAMS 0x0000000085a00000, 0x0000000085a00000| Complete 
|  63|0x0000000085b00000, 0x0000000085c00000, 0x0000000085c00000|100%| S|  |TAMS 0x0000000085b00000, 0x0000000085b00000| Complete 
|  64|0x0000000085c00000, 0x0000000085d00000, 0x0000000085d00000|100%| S|  |TAMS 0x0000000085c00000, 0x0000000085c00000| Complete 
|  65|0x0000000085d00000, 0x0000000085e00000, 0x0000000085e00000|100%| E|CS|TAMS 0x0000000085d00000, 0x0000000085d00000| Complete 
|  66|0x0000000085e00000, 0x0000000085f00000, 0x0000000085f00000|100%| E|CS|TAMS 0x0000000085e00000, 0x0000000085e00000| Complete 
|  67|0x0000000085f00000, 0x0000000086000000, 0x0000000086000000|100%| E|CS|TAMS 0x0000000085f00000, 0x0000000085f00000| Complete 
|  68|0x0000000086000000, 0x0000000086100000, 0x0000000086100000|100%| E|CS|TAMS 0x0000000086000000, 0x0000000086000000| Complete 
|  69|0x0000000086100000, 0x0000000086200000, 0x0000000086200000|100%| E|CS|TAMS 0x0000000086100000, 0x0000000086100000| Complete 
|  70|0x0000000086200000, 0x0000000086300000, 0x0000000086300000|100%| E|CS|TAMS 0x0000000086200000, 0x0000000086200000| Complete 
|  71|0x0000000086300000, 0x0000000086400000, 0x0000000086400000|100%| E|CS|TAMS 0x0000000086300000, 0x0000000086300000| Complete 
|  72|0x0000000086400000, 0x0000000086500000, 0x0000000086500000|100%| E|CS|TAMS 0x0000000086400000, 0x0000000086400000| Complete 
|  73|0x0000000086500000, 0x0000000086600000, 0x0000000086600000|100%| E|CS|TAMS 0x0000000086500000, 0x0000000086500000| Complete 
|  74|0x0000000086600000, 0x0000000086700000, 0x0000000086700000|100%| E|CS|TAMS 0x0000000086600000, 0x0000000086600000| Complete 
|  75|0x0000000086700000, 0x0000000086800000, 0x0000000086800000|100%| E|CS|TAMS 0x0000000086700000, 0x0000000086700000| Complete 
|  76|0x0000000086800000, 0x0000000086900000, 0x0000000086900000|100%| E|CS|TAMS 0x0000000086800000, 0x0000000086800000| Complete 
|  77|0x0000000086900000, 0x0000000086a00000, 0x0000000086a00000|100%| E|CS|TAMS 0x0000000086900000, 0x0000000086900000| Complete 
|  78|0x0000000086a00000, 0x0000000086b00000, 0x0000000086b00000|100%| E|CS|TAMS 0x0000000086a00000, 0x0000000086a00000| Complete 
|  79|0x0000000086b00000, 0x0000000086c00000, 0x0000000086c00000|100%| E|CS|TAMS 0x0000000086b00000, 0x0000000086b00000| Complete 
|  80|0x0000000086c00000, 0x0000000086d00000, 0x0000000086d00000|100%| E|CS|TAMS 0x0000000086c00000, 0x0000000086c00000| Complete 
|  81|0x0000000086d00000, 0x0000000086e00000, 0x0000000086e00000|100%| E|CS|TAMS 0x0000000086d00000, 0x0000000086d00000| Complete 
|  82|0x0000000086e00000, 0x0000000086f00000, 0x0000000086f00000|100%| E|CS|TAMS 0x0000000086e00000, 0x0000000086e00000| Complete 
|  83|0x0000000086f00000, 0x0000000087000000, 0x0000000087000000|100%| E|CS|TAMS 0x0000000086f00000, 0x0000000086f00000| Complete 
|  84|0x0000000087000000, 0x0000000087100000, 0x0000000087100000|100%| E|CS|TAMS 0x0000000087000000, 0x0000000087000000| Complete 
|  85|0x0000000087100000, 0x0000000087200000, 0x0000000087200000|100%| E|CS|TAMS 0x0000000087100000, 0x0000000087100000| Complete 
|  86|0x0000000087200000, 0x0000000087300000, 0x0000000087300000|100%| E|CS|TAMS 0x0000000087200000, 0x0000000087200000| Complete 
|  87|0x0000000087300000, 0x0000000087400000, 0x0000000087400000|100%| E|CS|TAMS 0x0000000087300000, 0x0000000087300000| Complete 
|  88|0x0000000087400000, 0x0000000087500000, 0x0000000087500000|100%| E|CS|TAMS 0x0000000087400000, 0x0000000087400000| Complete 
|  89|0x0000000087500000, 0x0000000087600000, 0x0000000087600000|100%| E|CS|TAMS 0x0000000087500000, 0x0000000087500000| Complete 
|  90|0x0000000087600000, 0x0000000087700000, 0x0000000087700000|100%| E|CS|TAMS 0x0000000087600000, 0x0000000087600000| Complete 
|  91|0x0000000087700000, 0x0000000087800000, 0x0000000087800000|100%| E|CS|TAMS 0x0000000087700000, 0x0000000087700000| Complete 
|  92|0x0000000087800000, 0x0000000087900000, 0x0000000087900000|100%| E|CS|TAMS 0x0000000087800000, 0x0000000087800000| Complete 
|  93|0x0000000087900000, 0x0000000087a00000, 0x0000000087a00000|100%| E|CS|TAMS 0x0000000087900000, 0x0000000087900000| Complete 
|  94|0x0000000087a00000, 0x0000000087b00000, 0x0000000087b00000|100%| E|CS|TAMS 0x0000000087a00000, 0x0000000087a00000| Complete 
|  95|0x0000000087b00000, 0x0000000087c00000, 0x0000000087c00000|100%| E|CS|TAMS 0x0000000087b00000, 0x0000000087b00000| Complete 
|  96|0x0000000087c00000, 0x0000000087d00000, 0x0000000087d00000|100%| E|CS|TAMS 0x0000000087c00000, 0x0000000087c00000| Complete 
|  97|0x0000000087d00000, 0x0000000087e00000, 0x0000000087e00000|100%| E|CS|TAMS 0x0000000087d00000, 0x0000000087d00000| Complete 
|  98|0x0000000087e00000, 0x0000000087f00000, 0x0000000087f00000|100%| E|CS|TAMS 0x0000000087e00000, 0x0000000087e00000| Complete 
|  99|0x0000000087f00000, 0x0000000088000000, 0x0000000088000000|100%| E|CS|TAMS 0x0000000087f00000, 0x0000000087f00000| Complete 
| 100|0x0000000088000000, 0x0000000088100000, 0x0000000088100000|100%| E|CS|TAMS 0x0000000088000000, 0x0000000088000000| Complete 
| 101|0x0000000088100000, 0x0000000088200000, 0x0000000088200000|100%| E|CS|TAMS 0x0000000088100000, 0x0000000088100000| Complete 
| 102|0x0000000088200000, 0x0000000088300000, 0x0000000088300000|100%| E|CS|TAMS 0x0000000088200000, 0x0000000088200000| Complete 
| 103|0x0000000088300000, 0x0000000088400000, 0x0000000088400000|100%| E|CS|TAMS 0x0000000088300000, 0x0000000088300000| Complete 
| 104|0x0000000088400000, 0x0000000088500000, 0x0000000088500000|100%| E|CS|TAMS 0x0000000088400000, 0x0000000088400000| Complete 
| 105|0x0000000088500000, 0x0000000088600000, 0x0000000088600000|100%| E|CS|TAMS 0x0000000088500000, 0x0000000088500000| Complete 
| 106|0x0000000088600000, 0x0000000088700000, 0x0000000088700000|100%| E|CS|TAMS 0x0000000088600000, 0x0000000088600000| Complete 
| 107|0x0000000088700000, 0x0000000088800000, 0x0000000088800000|100%| E|CS|TAMS 0x0000000088700000, 0x0000000088700000| Complete 
| 108|0x0000000088800000, 0x0000000088900000, 0x0000000088900000|100%| E|CS|TAMS 0x0000000088800000, 0x0000000088800000| Complete 
| 109|0x0000000088900000, 0x0000000088a00000, 0x0000000088a00000|100%| E|CS|TAMS 0x0000000088900000, 0x0000000088900000| Complete 
| 110|0x0000000088a00000, 0x0000000088b00000, 0x0000000088b00000|100%| E|CS|TAMS 0x0000000088a00000, 0x0000000088a00000| Complete 
| 111|0x0000000088b00000, 0x0000000088c00000, 0x0000000088c00000|100%| E|CS|TAMS 0x0000000088b00000, 0x0000000088b00000| Complete 
| 112|0x0000000088c00000, 0x0000000088d00000, 0x0000000088d00000|100%| E|CS|TAMS 0x0000000088c00000, 0x0000000088c00000| Complete 
| 113|0x0000000088d00000, 0x0000000088e00000, 0x0000000088e00000|100%| E|CS|TAMS 0x0000000088d00000, 0x0000000088d00000| Complete 
| 114|0x0000000088e00000, 0x0000000088f00000, 0x0000000088f00000|100%| E|CS|TAMS 0x0000000088e00000, 0x0000000088e00000| Complete 
| 115|0x0000000088f00000, 0x0000000089000000, 0x0000000089000000|100%| E|CS|TAMS 0x0000000088f00000, 0x0000000088f00000| Complete 
| 116|0x0000000089000000, 0x0000000089100000, 0x0000000089100000|100%| E|CS|TAMS 0x0000000089000000, 0x0000000089000000| Complete 
| 117|0x0000000089100000, 0x0000000089200000, 0x0000000089200000|100%| E|CS|TAMS 0x0000000089100000, 0x0000000089100000| Complete 
| 118|0x0000000089200000, 0x0000000089300000, 0x0000000089300000|100%| E|CS|TAMS 0x0000000089200000, 0x0000000089200000| Complete 
| 119|0x0000000089300000, 0x0000000089400000, 0x0000000089400000|100%| E|CS|TAMS 0x0000000089300000, 0x0000000089300000| Complete 
| 120|0x0000000089400000, 0x0000000089500000, 0x0000000089500000|100%| E|CS|TAMS 0x0000000089400000, 0x0000000089400000| Complete 
| 121|0x0000000089500000, 0x0000000089600000, 0x0000000089600000|100%| E|CS|TAMS 0x0000000089500000, 0x0000000089500000| Complete 
| 122|0x0000000089600000, 0x0000000089700000, 0x0000000089700000|100%| E|CS|TAMS 0x0000000089600000, 0x0000000089600000| Complete 
| 123|0x0000000089700000, 0x0000000089800000, 0x0000000089800000|100%| E|CS|TAMS 0x0000000089700000, 0x0000000089700000| Complete 
| 124|0x0000000089800000, 0x0000000089900000, 0x0000000089900000|100%| E|CS|TAMS 0x0000000089800000, 0x0000000089800000| Complete 
| 125|0x0000000089900000, 0x0000000089a00000, 0x0000000089a00000|100%| E|CS|TAMS 0x0000000089900000, 0x0000000089900000| Complete 
| 126|0x0000000089a00000, 0x0000000089b00000, 0x0000000089b00000|100%| E|CS|TAMS 0x0000000089a00000, 0x0000000089a00000| Complete 
| 127|0x0000000089b00000, 0x0000000089c00000, 0x0000000089c00000|100%| E|CS|TAMS 0x0000000089b00000, 0x0000000089b00000| Complete 

Card table byte_map: [0x00000178d9040000,0x00000178d9440000] _byte_map_base: 0x00000178d8c32000

Marking Bits (Prev, Next): (CMBitMap*) 0x00000178bf6dd240, (CMBitMap*) 0x00000178bf6dd208
 Prev Bits: [0x00000178db7d0000, 0x00000178dd760000)
 Next Bits: [0x00000178d9840000, 0x00000178db7d0000)

Polling page: 0x00000178bf770000

Metaspace:

Usage:
  Non-class:     65.96 MB capacity,    64.51 MB ( 98%) used,     1.18 MB (  2%) free+waste,   286.88 KB ( <1%) overhead. 
      Class:     10.89 MB capacity,     9.96 MB ( 91%) used,   807.42 KB (  7%) free+waste,   140.94 KB (  1%) overhead. 
       Both:     76.85 MB capacity,    74.47 MB ( 97%) used,     1.96 MB (  3%) free+waste,   427.81 KB ( <1%) overhead. 

Virtual space:
  Non-class space:       68.00 MB reserved,      66.15 MB ( 97%) committed 
      Class space:        1.00 GB reserved,      10.98 MB (  1%) committed 
             Both:        1.07 GB reserved,      77.13 MB (  7%) committed 

Chunk freelists:
   Non-Class:  0 bytes
       Class:  0 bytes
        Both:  0 bytes

CodeHeap 'non-profiled nmethods': size=238336Kb used=16025Kb max_used=16025Kb free=222310Kb
 bounds [0x00000178c9910000, 0x00000178ca8c0000, 0x00000178d81d0000]
CodeHeap 'non-nmethods': size=7424Kb used=1291Kb max_used=2981Kb free=6132Kb
 bounds [0x00000178c91d0000, 0x00000178c9550000, 0x00000178c9910000]
 total_blobs=10359 nmethods=9546 adapters=608
 compilation: enabled
              stopped_count=0, restarted_count=0
 full_count=0

Compilation events (10 events):
Event: 1005.887 Thread 0x00000178e0be2800 9650       1       java.util.concurrent.locks.AbstractQueuedSynchronizer::addWaiter (46 bytes)
Event: 1005.888 Thread 0x00000178e0be2800 nmethod 9650 0x00000178ca8b7890 code [0x00000178ca8b7b00, 0x00000178ca8b8560]
Event: 1005.888 Thread 0x00000178e0be2800 9651       1       java.util.concurrent.locks.AbstractQueuedSynchronizer$Node::<init> (20 bytes)
Event: 1005.888 Thread 0x00000178e0be2800 nmethod 9651 0x00000178ca8b8a10 code [0x00000178ca8b8c00, 0x00000178ca8b9000]
Event: 1170.115 Thread 0x00000178e0be2800 9652       1       org.apache.catalina.core.StandardContext::getThreadBindingListener (5 bytes)
Event: 1170.115 Thread 0x00000178e0be2800 nmethod 9652 0x00000178ca8b9190 code [0x00000178ca8b9340, 0x00000178ca8b9458]
Event: 1250.175 Thread 0x00000178e0be2800 9653       1       org.apache.catalina.core.StandardContext::getInstanceManager (5 bytes)
Event: 1250.175 Thread 0x00000178e0be2800 nmethod 9653 0x00000178ca8b9510 code [0x00000178ca8b96c0, 0x00000178ca8b97d8]
Event: 1310.229 Thread 0x00000178e0be2800 9654       1       java.util.concurrent.ConcurrentHashMap$CollectionView::size (8 bytes)
Event: 1310.229 Thread 0x00000178e0be2800 nmethod 9654 0x00000178ca8b9890 code [0x00000178ca8b9a40, 0x00000178ca8b9bd0]

GC Heap History (10 events):
Event: 19.896 GC heap after
{Heap after GC invocations=17 (full 0):
 garbage-first heap   total 131072K, used 32481K [0x0000000081c00000, 0x0000000100000000)
  region size 1024K, 8 young (8192K), 8 survivors (8192K)
 Metaspace       used 63359K, capacity 65352K, committed 65540K, reserved 1105920K
  class space    used 8485K, capacity 9245K, committed 9324K, reserved 1048576K
}
Event: 20.158 GC heap before
{Heap before GC invocations=17 (full 0):
 garbage-first heap   total 131072K, used 103137K [0x0000000081c00000, 0x0000000100000000)
  region size 1024K, 76 young (77824K), 8 survivors (8192K)
 Metaspace       used 63648K, capacity 65661K, committed 65796K, reserved 1105920K
  class space    used 8516K, capacity 9283K, committed 9324K, reserved 1048576K
}
Event: 20.169 GC heap after
{Heap after GC invocations=18 (full 0):
 garbage-first heap   total 131072K, used 38160K [0x0000000081c00000, 0x0000000100000000)
  region size 1024K, 10 young (10240K), 10 survivors (10240K)
 Metaspace       used 63648K, capacity 65661K, committed 65796K, reserved 1105920K
  class space    used 8516K, capacity 9283K, committed 9324K, reserved 1048576K
}
Event: 21.167 GC heap before
{Heap before GC invocations=18 (full 0):
 garbage-first heap   total 131072K, used 104720K [0x0000000081c00000, 0x0000000100000000)
  region size 1024K, 75 young (76800K), 10 survivors (10240K)
 Metaspace       used 68095K, capacity 70267K, committed 70404K, reserved 1110016K
  class space    used 9117K, capacity 9960K, committed 10092K, reserved 1048576K
}
Event: 21.182 GC heap after
{Heap after GC invocations=19 (full 0):
 garbage-first heap   total 131072K, used 37054K [0x0000000081c00000, 0x0000000100000000)
  region size 1024K, 4 young (4096K), 4 survivors (4096K)
 Metaspace       used 68095K, capacity 70267K, committed 70404K, reserved 1110016K
  class space    used 9117K, capacity 9960K, committed 10092K, reserved 1048576K
}
Event: 26.467 GC heap before
{Heap before GC invocations=19 (full 0):
 garbage-first heap   total 131072K, used 103614K [0x0000000081c00000, 0x0000000100000000)
  region size 1024K, 70 young (71680K), 4 survivors (4096K)
 Metaspace       used 73369K, capacity 75834K, committed 76036K, reserved 1114112K
  class space    used 9820K, capacity 10775K, committed 10860K, reserved 1048576K
}
Event: 26.473 GC heap after
{Heap after GC invocations=20 (full 0):
 garbage-first heap   total 131072K, used 39102K [0x0000000081c00000, 0x0000000100000000)
  region size 1024K, 6 young (6144K), 6 survivors (6144K)
 Metaspace       used 73369K, capacity 75834K, committed 76036K, reserved 1114112K
  class space    used 9820K, capacity 10775K, committed 10860K, reserved 1048576K
}
Event: 398.013 GC heap before
{Heap before GC invocations=20 (full 0):
 garbage-first heap   total 131072K, used 104638K [0x0000000081c00000, 0x0000000100000000)
  region size 1024K, 71 young (72704K), 6 survivors (6144K)
 Metaspace       used 76254K, capacity 78694K, committed 78980K, reserved 1118208K
  class space    used 10200K, capacity 11149K, committed 11244K, reserved 1048576K
}
Event: 398.022 GC heap after
{Heap after GC invocations=21 (full 0):
 garbage-first heap   total 131072K, used 41971K [0x0000000081c00000, 0x0000000100000000)
  region size 1024K, 6 young (6144K), 6 survivors (6144K)
 Metaspace       used 76254K, capacity 78694K, committed 78980K, reserved 1118208K
  class space    used 10200K, capacity 11149K, committed 11244K, reserved 1048576K
}
Event: 1315.386 GC heap before
{Heap before GC invocations=21 (full 0):
 garbage-first heap   total 131072K, used 106483K [0x0000000081c00000, 0x0000000100000000)
  region size 1024K, 69 young (70656K), 6 survivors (6144K)
 Metaspace       used 76254K, capacity 78694K, committed 78980K, reserved 1118208K
  class space    used 10200K, capacity 11149K, committed 11244K, reserved 1048576K
}

Deoptimization events (0 events):
No events

Classes redefined (0 events):
No events

Internal exceptions (10 events):
Event: 21.246 Thread 0x00000178e23e1000 Exception <a 'java/lang/reflect/InvocationTargetException'{0x0000000088f037b8}> (0x0000000088f037b8) thrown at [t:/workspace/open/src/hotspot/share/runtime/reflection.cpp, line 1242]
Event: 21.656 Thread 0x00000178e23e1000 Exception <a 'java/lang/ClassNotFoundException'{0x0000000087f719a0}: java/lang/ObjectCustomizer> (0x0000000087f719a0) thrown at [t:/workspace/open/src/hotspot/share/classfile/systemDictionary.cpp, line 231]
Event: 21.657 Thread 0x00000178e23e1000 Exception <a 'java/lang/ClassNotFoundException'{0x0000000087f870e8}: computech/user/UserCustomizer> (0x0000000087f870e8) thrown at [t:/workspace/open/src/hotspot/share/classfile/systemDictionary.cpp, line 231]
Event: 22.156 Thread 0x00000178e23e1000 Exception <a 'java/lang/NoSuchMethodError'{0x0000000087599a60}: java.lang.invoke.Invokers$Holder.invoker(Ljava/lang/Object;Ljava/lang/Object;Ljava/lang/Object;)Ljava/lang/Object;> (0x0000000087599a60) thrown at [t:/workspace/open/src/hotspot/share/interpr
Event: 22.158 Thread 0x00000178e23e1000 Exception <a 'java/lang/NoSuchMethodError'{0x00000000875a3970}: java.lang.invoke.DirectMethodHandle$Holder.invokeStatic(Ljava/lang/Object;Ljava/lang/Object;ILjava/lang/Object;)V> (0x00000000875a3970) thrown at [t:/workspace/open/src/hotspot/share/interpre
Event: 22.158 Thread 0x00000178e23e1000 Exception <a 'java/lang/NoSuchMethodError'{0x00000000875aa498}: java.lang.invoke.DelegatingMethodHandle$Holder.delegate(Ljava/lang/Object;Ljava/lang/Object;ILjava/lang/Object;)V> (0x00000000875aa498) thrown at [t:/workspace/open/src/hotspot/share/interpre
Event: 22.180 Thread 0x00000178e23e1000 Exception <a 'java/lang/NoSuchMethodError'{0x000000008743cec0}: java.lang.invoke.DirectMethodHandle$Holder.invokeStaticInit(Ljava/lang/Object;Ljava/lang/Object;Ljava/lang/Object;Ljava/lang/Object;Ljava/lang/Object;Ljava/lang/Object;)Ljava/lang/Object;> (0
Event: 22.503 Thread 0x00000178e6d34800 Exception <a 'java/lang/NoSuchMethodError'{0x0000000086926da0}: java.lang.invoke.DirectMethodHandle$Holder.invokeStaticInit(Ljava/lang/Object;Ljava/lang/Object;Ljava/lang/Object;)V> (0x0000000086926da0) thrown at [t:/workspace/open/src/hotspot/share/inter
Event: 22.565 Thread 0x00000178e6d34800 Exception <a 'java/lang/NoSuchMethodError'{0x0000000086675d28}: java.lang.invoke.DirectMethodHandle$Holder.invokeSpecial(Ljava/lang/Object;Ljava/lang/Object;ILjava/lang/Object;Ljava/lang/Object;)Ljava/lang/Object;> (0x0000000086675d28) thrown at [t:/works
Event: 22.569 Thread 0x00000178e6d34800 Exception <a 'java/lang/reflect/InvocationTargetException'{0x00000000866e7510}> (0x00000000866e7510) thrown at [t:/workspace/open/src/hotspot/share/runtime/reflection.cpp, line 1242]

Events (10 events):
Event: 294.809 Executing VM operation: RevokeBias done
Event: 296.726 Executing VM operation: RevokeBias
Event: 296.726 Executing VM operation: RevokeBias done
Event: 296.726 Executing VM operation: RevokeBias
Event: 296.726 Executing VM operation: RevokeBias done
Event: 302.845 Executing VM operation: RevokeBias
Event: 302.845 Executing VM operation: RevokeBias done
Event: 398.013 Executing VM operation: G1CollectForAllocation
Event: 398.022 Executing VM operation: G1CollectForAllocation done
Event: 1315.386 Executing VM operation: G1CollectForAllocation


Dynamic libraries:
0x00007ff61fc60000 - 0x00007ff61fca7000 	C:\Program Files (x86)\Java\jdk-11.0.1\bin\java.exe
0x00007ffa94ad0000 - 0x00007ffa94cc6000 	C:\WINDOWS\SYSTEM32\ntdll.dll
0x00007ffa92b30000 - 0x00007ffa92bed000 	C:\WINDOWS\System32\KERNEL32.DLL
0x00007ffa92340000 - 0x00007ffa92608000 	C:\WINDOWS\System32\KERNELBASE.dll
0x00007ffa944e0000 - 0x00007ffa9458c000 	C:\WINDOWS\System32\ADVAPI32.dll
0x00007ffa93da0000 - 0x00007ffa93e3e000 	C:\WINDOWS\System32\msvcrt.dll
0x00007ffa941d0000 - 0x00007ffa9426b000 	C:\WINDOWS\System32\sechost.dll
0x00007ffa948b0000 - 0x00007ffa949d4000 	C:\WINDOWS\System32\RPCRT4.dll
0x00007ffa93e40000 - 0x00007ffa93fe0000 	C:\WINDOWS\System32\USER32.dll
0x00007ffa92b00000 - 0x00007ffa92b22000 	C:\WINDOWS\System32\win32u.dll
0x00007ffa94880000 - 0x00007ffa948aa000 	C:\WINDOWS\System32\GDI32.dll
0x00007ffa929f0000 - 0x00007ffa92af9000 	C:\WINDOWS\System32\gdi32full.dll
0x00007ffa928a0000 - 0x00007ffa9293d000 	C:\WINDOWS\System32\msvcp_win.dll
0x00007ffa92210000 - 0x00007ffa92310000 	C:\WINDOWS\System32\ucrtbase.dll
0x00007ffa83c20000 - 0x00007ffa83ebb000 	C:\WINDOWS\WinSxS\amd64_microsoft.windows.common-controls_6595b64144ccf1df_6.0.19041.488_none_ca04af081b815d21\COMCTL32.dll
0x00007ffa8ba90000 - 0x00007ffa8ba9a000 	C:\WINDOWS\SYSTEM32\VERSION.dll
0x00007ffa92c70000 - 0x00007ffa92ca0000 	C:\WINDOWS\System32\IMM32.DLL
0x00007ffa8b4f0000 - 0x00007ffa8b506000 	C:\Program Files (x86)\Java\jdk-11.0.1\bin\vcruntime140.dll
0x00007ffa87d60000 - 0x00007ffa87e0a000 	C:\Program Files (x86)\Java\jdk-11.0.1\bin\msvcp140.dll
0x00007ffa28230000 - 0x00007ffa28d72000 	C:\Program Files (x86)\Java\jdk-11.0.1\bin\server\jvm.dll
0x00007ffa93fe0000 - 0x00007ffa93fe8000 	C:\WINDOWS\System32\PSAPI.DLL
0x00007ffa81890000 - 0x00007ffa81899000 	C:\WINDOWS\SYSTEM32\WSOCK32.dll
0x00007ffa7c720000 - 0x00007ffa7c747000 	C:\WINDOWS\SYSTEM32\WINMM.dll
0x00007ffa934d0000 - 0x00007ffa9353b000 	C:\WINDOWS\System32\WS2_32.dll
0x00007ffa90080000 - 0x00007ffa90092000 	C:\WINDOWS\SYSTEM32\kernel.appcore.dll
0x00007ffa8b4d0000 - 0x00007ffa8b4e1000 	C:\Program Files (x86)\Java\jdk-11.0.1\bin\verify.dll
0x00007ffa7b570000 - 0x00007ffa7b754000 	C:\WINDOWS\SYSTEM32\DBGHELP.DLL
0x00007ffa7ab20000 - 0x00007ffa7ab4c000 	C:\WINDOWS\SYSTEM32\dbgcore.DLL
0x00007ffa92670000 - 0x00007ffa926ef000 	C:\WINDOWS\System32\bcryptPrimitives.dll
0x00007ffa8b470000 - 0x00007ffa8b499000 	C:\Program Files (x86)\Java\jdk-11.0.1\bin\java.dll
0x00007ffa8a8d0000 - 0x00007ffa8a8ff000 	C:\Program Files (x86)\Java\jdk-11.0.1\bin\instrument.dll
0x00007ffa8b450000 - 0x00007ffa8b466000 	C:\Program Files (x86)\Java\jdk-11.0.1\bin\zip.dll
0x00007ffa8bdb0000 - 0x00007ffa8bdba000 	C:\Program Files (x86)\Java\jdk-11.0.1\bin\jimage.dll
0x00007ffa92d80000 - 0x00007ffa934c1000 	C:\WINDOWS\System32\SHELL32.dll
0x00007ffa90360000 - 0x00007ffa90af5000 	C:\WINDOWS\SYSTEM32\windows.storage.dll
0x00007ffa935d0000 - 0x00007ffa93925000 	C:\WINDOWS\System32\combase.dll
0x00007ffa91c80000 - 0x00007ffa91cac000 	C:\WINDOWS\SYSTEM32\Wldp.dll
0x00007ffa94120000 - 0x00007ffa941ce000 	C:\WINDOWS\System32\SHCORE.dll
0x00007ffa94590000 - 0x00007ffa945e5000 	C:\WINDOWS\System32\shlwapi.dll
0x00007ffa92140000 - 0x00007ffa92166000 	C:\WINDOWS\SYSTEM32\profapi.dll
0x00007ffa87e30000 - 0x00007ffa87e49000 	C:\Program Files (x86)\Java\jdk-11.0.1\bin\net.dll
0x00007ffa8bea0000 - 0x00007ffa8bfa0000 	C:\WINDOWS\SYSTEM32\WINHTTP.dll
0x00007ffa91a00000 - 0x00007ffa91a6a000 	C:\WINDOWS\system32\mswsock.dll
0x00007ffa87d40000 - 0x00007ffa87d53000 	C:\Program Files (x86)\Java\jdk-11.0.1\bin\nio.dll
0x00007ffa87c60000 - 0x00007ffa87c7a000 	C:\Program Files\JetBrains\IntelliJ IDEA 2020.1.4\bin\breakgen64.dll
0x00007ffa91780000 - 0x00007ffa9184b000 	C:\WINDOWS\SYSTEM32\DNSAPI.dll
0x00007ffa916a0000 - 0x00007ffa916db000 	C:\WINDOWS\SYSTEM32\IPHLPAPI.DLL
0x00007ffa92ca0000 - 0x00007ffa92ca8000 	C:\WINDOWS\System32\NSI.dll
0x000000006dc10000 - 0x000000006dc1a000 	C:\Program Files\National Instruments\Shared\mDNS Responder\nimdnsNSP.dll
0x000000006dc00000 - 0x000000006dc10000 	C:\WINDOWS\SYSTEM32\nimdnsResponder.dll
0x00007ffa89fe0000 - 0x00007ffa89fea000 	C:\Windows\System32\rasadhlp.dll
0x00007ffa813e0000 - 0x00007ffa8145f000 	C:\WINDOWS\System32\fwpuclnt.dll
0x00007ffa92310000 - 0x00007ffa92337000 	C:\WINDOWS\System32\bcrypt.dll
0x00007ffa8b1d0000 - 0x00007ffa8b1d9000 	C:\Program Files (x86)\Java\jdk-11.0.1\bin\management.dll
0x00007ffa87c80000 - 0x00007ffa87c8c000 	C:\Program Files (x86)\Java\jdk-11.0.1\bin\management_ext.dll
0x00007ffa91bd0000 - 0x00007ffa91be8000 	C:\WINDOWS\SYSTEM32\CRYPTSP.dll
0x00007ffa912c0000 - 0x00007ffa912f4000 	C:\WINDOWS\system32\rsaenh.dll
0x00007ffa920c0000 - 0x00007ffa920ee000 	C:\WINDOWS\SYSTEM32\USERENV.dll
0x00007ffa91bf0000 - 0x00007ffa91bfc000 	C:\WINDOWS\SYSTEM32\CRYPTBASE.dll
0x00007ffa89a20000 - 0x00007ffa89a37000 	C:\WINDOWS\SYSTEM32\dhcpcsvc6.DLL
0x00007ffa89fc0000 - 0x00007ffa89fdd000 	C:\WINDOWS\SYSTEM32\dhcpcsvc.DLL
0x00007ffa74d70000 - 0x00007ffa74d87000 	C:\WINDOWS\system32\napinsp.dll
0x00007ffa74880000 - 0x00007ffa7489b000 	C:\WINDOWS\system32\pnrpnsp.dll
0x00007ffa8c530000 - 0x00007ffa8c545000 	C:\WINDOWS\system32\wshbth.dll
0x00007ffa8d800000 - 0x00007ffa8d81d000 	C:\WINDOWS\system32\NLAapi.dll
0x00007ffa6e3b0000 - 0x00007ffa6e3c2000 	C:\WINDOWS\System32\winrnr.dll

dbghelp: loaded successfully - version: 4.0.5 - missing functions: none
symbol engine: initialized successfully - sym options: 0x614 - pdb path: .;C:\Program Files (x86)\Java\jdk-11.0.1\bin;C:\WINDOWS\SYSTEM32;C:\WINDOWS\WinSxS\amd64_microsoft.windows.common-controls_6595b64144ccf1df_6.0.19041.488_none_ca04af081b815d21;C:\Program Files (x86)\Java\jdk-11.0.1\bin\server;C:\Program Files\JetBrains\IntelliJ IDEA 2020.1.4\bin;C:\Program Files\National Instruments\Shared\mDNS Responder

VM Arguments:
jvm_args: -XX:TieredStopAtLevel=1 -Xverify:none -Dspring.output.ansi.enabled=always -Dcom.sun.management.jmxremote -Dspring.jmx.enabled=true -Dspring.liveBeansView.mbeanDomain -Dspring.application.admin.enabled=true -javaagent:C:\Program Files\JetBrains\IntelliJ IDEA 2020.1.4\lib\idea_rt.jar=57161:C:\Program Files\JetBrains\IntelliJ IDEA 2020.1.4\bin -Dfile.encoding=UTF-8 
java_command: computech.Application
java_class_path (initial): D:\Privat\Studium\Dresden\swt20w05\target\classes;C:\Users\Lukas\.m2\repository\xml-apis\xml-apis\1.3.04\xml-apis-1.3.04.jar;C:\Users\Lukas\.m2\repository\org\springframework\boot\spring-boot-starter-actuator\2.3.5.RELEASE\spring-boot-starter-actuator-2.3.5.RELEASE.jar;C:\Users\Lukas\.m2\repository\org\springframework\boot\spring-boot-starter\2.3.4.RELEASE\spring-boot-starter-2.3.4.RELEASE.jar;C:\Users\Lukas\.m2\repository\org\springframework\boot\spring-boot-starter-logging\2.3.4.RELEASE\spring-boot-starter-logging-2.3.4.RELEASE.jar;C:\Users\Lukas\.m2\repository\ch\qos\logback\logback-classic\1.2.3\logback-classic-1.2.3.jar;C:\Users\Lukas\.m2\repository\ch\qos\logback\logback-core\1.2.3\logback-core-1.2.3.jar;C:\Users\Lukas\.m2\repository\org\apache\logging\log4j\log4j-to-slf4j\2.13.3\log4j-to-slf4j-2.13.3.jar;C:\Users\Lukas\.m2\repository\org\apache\logging\log4j\log4j-api\2.13.3\log4j-api-2.13.3.jar;C:\Users\Lukas\.m2\repository\org\slf4j\jul-to-slf4j\1.7.30\jul-to-slf4j-1.7.30.jar;C:\Users\Lukas\.m2\repository\jakarta\annotation\jakarta.annotation-api\1.3.5\jakarta.annotation-api-1.3.5.jar;C:\Users\Lukas\.m2\repository\org\yaml\snakeyaml\1.26\snakeyaml-1.26.jar;C:\Users\Lukas\.m2\repository\org\springframework\boot\spring-boot-actuator-autoconfigure\2.3.4.RELEASE\spring-boot-actuator-autoconfigure-2.3.4.RELEASE.jar;C:\Users\Lukas\.m2\repository\org\springframework\boot\spring-boot-actuator\2.3.4.RELEASE\spring-boot-actuator-2.3.4.RELEASE.jar;C:\Users\Lukas\.m2\repository\com\fasterxml\jackson\core\jackson-databind\2.11.2\jackson-databind-2.11.2.jar;C:\Users\Lukas\.m2\repository\com\fasterxml\jackson\datatype\jackson-datatype-jsr310\2.11.2\jackson-datatype-jsr310-2.11.2.jar;C:\Users\Lukas\.m2\repository\io\micrometer\micrometer-core\1.5.5\micrometer-core-1.5.5.jar;C:\Users\Lukas\.m2\repository\org\hdrhistogram\HdrHistogram\2.1.12\HdrHistogram-2.1.12.jar;C:\Users\Lukas\.m2\repository\org\latencyutils\LatencyUtils\2.0.3\LatencyUtils-2.0
Launcher Type: SUN_STANDARD

[Global flags]
     bool BytecodeVerificationLocal                = false                                     {product} {command line}
     bool BytecodeVerificationRemote               = false                                     {product} {command line}
     intx CICompilerCount                          = 4                                         {product} {ergonomic}
     uint ConcGCThreads                            = 2                                         {product} {ergonomic}
     uint G1ConcRefinementThreads                  = 8                                         {product} {ergonomic}
   size_t G1HeapRegionSize                         = 1048576                                   {product} {ergonomic}
    uintx GCDrainStackTargetSize                   = 64                                        {product} {ergonomic}
   size_t InitialHeapSize                          = 134217728                                 {product} {ergonomic}
     bool ManagementServer                         = true                                      {product} {command line}
   size_t MarkStackSize                            = 4194304                                   {product} {ergonomic}
   size_t MaxHeapSize                              = 2118123520                                {product} {ergonomic}
   size_t MaxNewSize                               = 1270874112                                {product} {ergonomic}
   size_t MinHeapDeltaBytes                        = 1048576                                   {product} {ergonomic}
    uintx NonNMethodCodeHeapSize                   = 7549744                                {pd product} {ergonomic}
    uintx NonProfiledCodeHeapSize                  = 244108496                              {pd product} {ergonomic}
    uintx ProfiledCodeHeapSize                     = 0                                      {pd product} {ergonomic}
    uintx ReservedCodeCacheSize                    = 251658240                              {pd product} {ergonomic}
     bool SegmentedCodeCache                       = true                                      {product} {ergonomic}
     intx TieredStopAtLevel                        = 1                                         {product} {command line}
     bool UseCompressedClassPointers               = true                                 {lp64_product} {ergonomic}
     bool UseCompressedOops                        = true                                 {lp64_product} {ergonomic}
     bool UseG1GC                                  = true                                      {product} {ergonomic}
     bool UseLargePagesIndividualAllocation        = false                                  {pd product} {ergonomic}

Logging:
Log output configuration:
 #0: stdout all=warning uptime,level,tags
 #1: stderr all=off uptime,level,tags

Environment Variables:
PATH=C:\Program Files (x86)\Common Files\Oracle\Java\javapath;C:\Program Files (x86)\Intel\iCLS Client\;C:\Program Files\Intel\iCLS Client\;C:\WINDOWS\system32;C:\WINDOWS;C:\WINDOWS\System32\Wbem;C:\WINDOWS\System32\WindowsPowerShell\v1.0\;C:\Program Files\Intel\Intel(R) Management Engine Components\DAL;C:\Program Files\Intel\Intel(R) Management Engine Components\IPT;C:\Program Files (x86)\Intel\Intel(R) Management Engine Components\DAL;C:\Program Files (x86)\Intel\Intel(R) Management Engine Components\IPT;C:\Program Files\Intel\WiFi\bin\;C:\Program Files\Common Files\Intel\WirelessCommon\;C:\Program Files\Condusiv Technologies\ExpressCache\;C:\Program Files (x86)\Skype\Phone\;C:\WINDOWS\System32\OpenSSH\;C:\Program Files\Microsoft VS Code\bin;C:\Program Files (x86)\Java\jdk11.0.1\bin\;C:\Program Files\NVIDIA Corporation\NVIDIA NvDLISR;C:\WINDOWS\system32;C:\WINDOWS;C:\WINDOWS\System32\Wbem;C:\WINDOWS\System32\WindowsPowerShell\v1.0\;C:\WINDOWS\System32\OpenSSH\;C:\Program Files\Git\cmd;C:\Program Files (x86)\NVIDIA Corporation\PhysX\Common;C:\Users\Lukas\AppData\Local\Microsoft\WindowsApps;C:\Users\Lukas\AppData\Local\GitHubDesktop\bin
USERNAME=Lukas
OS=Windows_NT
PROCESSOR_IDENTIFIER=Intel64 Family 6 Model 60 Stepping 3, GenuineIntel



---------------  S Y S T E M  ---------------

OS: Windows 10 , 64 bit Build 19041 (10.0.19041.546)

CPU:total 8 (initial active 8) (4 cores per cpu, 2 threads per core) family 6 model 60 stepping 3, cmov, cx8, fxsr, mmx, sse, sse2, sse3, ssse3, sse4.1, sse4.2, popcnt, avx, avx2, aes, clmul, erms, lzcnt, ht, tsc, tscinvbit, bmi1, bmi2, fma

Memory: 4k page, system-wide physical 8074M (1032M free)
TotalPageFile size 16266M (AvailPageFile size 2446M)
current process WorkingSet (physical memory assigned to process): 277M, peak: 279M
current process commit charge ("private bytes"): 335M, peak: 335M

vm_info: Java HotSpot(TM) 64-Bit Server VM (11.0.1+13-LTS) for windows-amd64 JRE (11.0.1+13-LTS), built on Oct  6 2018 13:20:16 by "mach5one" with MS VC++ 15.5 (VS2017)

END.
